2023-12-22T16:57:51.156Z  INFO 27152 --- [spring-admin] [restartedMain] c.g.adminapp.AdminAppApplication         : Starting AdminAppApplication using Java 17.0.9 with PID 27152 (C:\Users\HP\Me\M2GL-2023-2024\JEE\Projets\tp-spring-boot-thymeleaf\admin-app\target\classes started by HP in C:\Users\HP\Me\M2GL-2023-2024\JEE\Projets\tp-spring-boot-thymeleaf\admin-app)
2023-12-22T16:57:51.157Z  INFO 27152 --- [spring-admin] [restartedMain] c.g.adminapp.AdminAppApplication         : No active profile set, falling back to 1 default profile: "default"
2023-12-22T16:57:51.719Z  INFO 27152 --- [spring-admin] [restartedMain] .s.d.r.c.RepositoryConfigurationDelegate : Bootstrapping Spring Data JPA repositories in DEFAULT mode.
2023-12-22T16:57:51.810Z  INFO 27152 --- [spring-admin] [restartedMain] .s.d.r.c.RepositoryConfigurationDelegate : Finished Spring Data repository scanning in 89 ms. Found 3 JPA repository interfaces.
2023-12-22T16:57:52.179Z  INFO 27152 --- [spring-admin] [restartedMain] o.s.b.w.embedded.tomcat.TomcatWebServer  : Tomcat initialized with port 8083 (http)
2023-12-22T16:57:52.181Z  INFO 27152 --- [spring-admin] [restartedMain] o.apache.catalina.core.StandardService   : Starting service [Tomcat]
2023-12-22T16:57:52.181Z  INFO 27152 --- [spring-admin] [restartedMain] o.apache.catalina.core.StandardEngine    : Starting Servlet engine: [Apache Tomcat/10.1.16]
2023-12-22T16:57:52.280Z  INFO 27152 --- [spring-admin] [restartedMain] o.a.c.c.C.[Tomcat].[localhost].[/]       : Initializing Spring embedded WebApplicationContext
2023-12-22T16:57:52.281Z  INFO 27152 --- [spring-admin] [restartedMain] w.s.c.ServletWebServerApplicationContext : Root WebApplicationContext: initialization completed in 1119 ms
2023-12-22T16:57:52.362Z  INFO 27152 --- [spring-admin] [restartedMain] o.hibernate.jpa.internal.util.LogHelper  : HHH000204: Processing PersistenceUnitInfo [name: default]
2023-12-22T16:57:52.372Z  INFO 27152 --- [spring-admin] [restartedMain] o.h.c.internal.RegionFactoryInitiator    : HHH000026: Second-level cache disabled
2023-12-22T16:57:52.384Z  INFO 27152 --- [spring-admin] [restartedMain] o.s.o.j.p.SpringPersistenceUnitInfo      : No LoadTimeWeaver setup: ignoring JPA class transformer
2023-12-22T16:57:52.386Z  INFO 27152 --- [spring-admin] [restartedMain] com.zaxxer.hikari.HikariDataSource       : HikariPool-3 - Starting...
2023-12-22T16:57:52.433Z  INFO 27152 --- [spring-admin] [restartedMain] com.zaxxer.hikari.pool.HikariPool        : HikariPool-3 - Added connection com.mysql.cj.jdbc.ConnectionImpl@2edff1e6
2023-12-22T16:57:52.434Z  INFO 27152 --- [spring-admin] [restartedMain] com.zaxxer.hikari.HikariDataSource       : HikariPool-3 - Start completed.
2023-12-22T16:57:52.546Z  INFO 27152 --- [spring-admin] [restartedMain] o.h.e.t.j.p.i.JtaPlatformInitiator       : HHH000489: No JTA platform available (set 'hibernate.transaction.jta.platform' to enable JTA platform integration)
2023-12-22T16:57:52.592Z  INFO 27152 --- [spring-admin] [restartedMain] j.LocalContainerEntityManagerFactoryBean : Initialized JPA EntityManagerFactory for persistence unit 'default'
2023-12-22T16:57:52.879Z  WARN 27152 --- [spring-admin] [restartedMain] JpaBaseConfiguration$JpaWebConfiguration : spring.jpa.open-in-view is enabled by default. Therefore, database queries may be performed during view rendering. Explicitly configure spring.jpa.open-in-view to disable this warning
2023-12-22T16:57:53.059Z  WARN 27152 --- [spring-admin] [restartedMain] ion$DefaultTemplateResolverConfiguration : Cannot find template location: classpath:/templates/ (please add some templates, check your Thymeleaf configuration, or set spring.thymeleaf.check-template-location=false)
2023-12-22T16:57:53.138Z  INFO 27152 --- [spring-admin] [restartedMain] o.s.b.d.a.OptionalLiveReloadServer       : LiveReload server is running on port 35729
2023-12-22T16:57:53.171Z  INFO 27152 --- [spring-admin] [restartedMain] o.s.b.w.embedded.tomcat.TomcatWebServer  : Tomcat started on port 8083 (http) with context path ''
2023-12-22T16:57:53.182Z  INFO 27152 --- [spring-admin] [restartedMain] c.g.adminapp.AdminAppApplication         : Started AdminAppApplication in 2.106 seconds (process running for 84360.718)
2023-12-22T16:57:53.185Z  INFO 27152 --- [spring-admin] [restartedMain] .ConditionEvaluationDeltaLoggingListener : Condition evaluation unchanged
